[    7136ms] [INFO] %cDownload the React DevTools for a better development experience: https://reactjs.org/link/react-devtools font-weight:bold @ webpack-internal:///(app-pages-browser)/../../node_modules/next/dist/compiled/react-dom/cjs/react-dom.development.js:38559
[   78622ms] [INFO] %cDownload the React DevTools for a better development experience: https://reactjs.org/link/react-devtools font-weight:bold @ webpack-internal:///(app-pages-browser)/../../node_modules/next/dist/compiled/react-dom/cjs/react-dom.development.js:38559
[   80415ms] [LOG] [Fast Refresh] rebuilding @ webpack-internal:///(app-pages-browser)/../../node_modules/next/dist/client/components/react-dev-overlay/app/hot-reloader-client.js:186
[   80682ms] [LOG] [Fast Refresh] done in 267ms @ webpack-internal:///(app-pages-browser)/../../node_modules/next/dist/client/components/react-dev-overlay/app/hot-reloader-client.js:43
[   81061ms] [INFO] %cDownload the React DevTools for a better development experience: https://reactjs.org/link/react-devtools font-weight:bold @ webpack-internal:///(app-pages-browser)/../../node_modules/next/dist/compiled/react-dom/cjs/react-dom.development.js:38559
[   81601ms] [LOG] [Fast Refresh] rebuilding @ webpack-internal:///(app-pages-browser)/../../node_modules/next/dist/client/components/react-dev-overlay/app/hot-reloader-client.js:186
[   82019ms] [LOG] [Fast Refresh] done in 418ms @ webpack-internal:///(app-pages-browser)/../../node_modules/next/dist/client/components/react-dev-overlay/app/hot-reloader-client.js:43
[   82347ms] [INFO] %cDownload the React DevTools for a better development experience: https://reactjs.org/link/react-devtools font-weight:bold @ webpack-internal:///(app-pages-browser)/../../node_modules/next/dist/compiled/react-dom/cjs/react-dom.development.js:38559
[   82469ms] [LOG] [Fast Refresh] rebuilding @ webpack-internal:///(app-pages-browser)/../../node_modules/next/dist/client/components/react-dev-overlay/app/hot-reloader-client.js:186
[   82688ms] [LOG] [Fast Refresh] done in 219ms @ webpack-internal:///(app-pages-browser)/../../node_modules/next/dist/client/components/react-dev-overlay/app/hot-reloader-client.js:43
[   82870ms] [VERBOSE] [DOM] Input elements should have autocomplete attributes (suggested: "current-password"): (More info: https://goo.gl/9p2vKq) @ http://localhost:3002/login?returnTo=%2Flost-pets%2Fnew&reason=Log+in+to+create+a+lost+pet+post+and+receive+possible+match+alerts.:0
[  938540ms] [INFO] %cDownload the React DevTools for a better development experience: https://reactjs.org/link/react-devtools font-weight:bold @ webpack-internal:///(app-pages-browser)/../../node_modules/next/dist/compiled/react-dom/cjs/react-dom.development.js:38559
[ 1133753ms] [LOG] [Fast Refresh] rebuilding @ webpack-internal:///(app-pages-browser)/../../node_modules/next/dist/client/components/react-dev-overlay/app/hot-reloader-client.js:186
[ 1134846ms] [LOG] [Fast Refresh] done in 1099ms @ webpack-internal:///(app-pages-browser)/../../node_modules/next/dist/client/components/react-dev-overlay/app/hot-reloader-client.js:43
[ 1174034ms] [LOG] [Fast Refresh] rebuilding @ webpack-internal:///(app-pages-browser)/../../node_modules/next/dist/client/components/react-dev-overlay/app/hot-reloader-client.js:186
[ 1174442ms] [LOG] [Fast Refresh] done in 408ms @ webpack-internal:///(app-pages-browser)/../../node_modules/next/dist/client/components/react-dev-overlay/app/hot-reloader-client.js:43
[ 1174770ms] [INFO] %cDownload the React DevTools for a better development experience: https://reactjs.org/link/react-devtools font-weight:bold @ webpack-internal:///(app-pages-browser)/../../node_modules/next/dist/compiled/react-dom/cjs/react-dom.development.js:38559
[ 1469302ms] [ERROR] Failed to fetch RSC payload for http://localhost:3002/login?returnTo=%2Flost-pets%2Fnew&reason=Log+in+to+create+a+lost+pet+post+and+receive+possible+match+alerts.. Falling back to browser navigation. TypeError: Failed to fetch
    at fetchServerResponse (webpack-internal:///(app-pages-browser)/../../node_modules/next/dist/client/components/router-reducer/fetch-server-response.js:59:27)
    at InnerLayoutRouter (webpack-internal:///(app-pages-browser)/../../node_modules/next/dist/client/components/layout-router.js:305:90)
    at renderWithHooks (webpack-internal:///(app-pages-browser)/../../node_modules/next/dist/compiled/react-dom/cjs/react-dom.development.js:11121:18)
    at mountIndeterminateComponent (webpack-internal:///(app-pages-browser)/../../node_modules/next/dist/compiled/react-dom/cjs/react-dom.development.js:16869:13)
    at beginWork$1 (webpack-internal:///(app-pages-browser)/../../node_modules/next/dist/compiled/react-dom/cjs/react-dom.development.js:18458:16)
    at beginWork (webpack-internal:///(app-pages-browser)/../../node_modules/next/dist/compiled/react-dom/cjs/react-dom.development.js:26927:14)
    at performUnitOfWork (webpack-internal:///(app-pages-browser)/../../node_modules/next/dist/compiled/react-dom/cjs/react-dom.development.js:25748:12)
    at workLoopConcurrent (webpack-internal:///(app-pages-browser)/../../node_modules/next/dist/compiled/react-dom/cjs/react-dom.development.js:25734:5)
    at renderRootConcurrent (webpack-internal:///(app-pages-browser)/../../node_modules/next/dist/compiled/react-dom/cjs/react-dom.development.js:25690:9)
    at performConcurrentWorkOnRoot (webpack-internal:///(app-pages-browser)/../../node_modules/next/dist/compiled/react-dom/cjs/react-dom.development.js:24504:38)
    at workLoop (webpack-internal:///(app-pages-browser)/../../node_modules/next/dist/compiled/scheduler/cjs/scheduler.development.js:256:34)
    at flushWork (webpack-internal:///(app-pages-browser)/../../node_modules/next/dist/compiled/scheduler/cjs/scheduler.development.js:225:14)
    at MessagePort.performWorkUntilDeadline (webpack-internal:///(app-pages-browser)/../../node_modules/next/dist/compiled/scheduler/cjs/scheduler.development.js:534:21) @ webpack-internal:///(app-pages-browser)/../../node_modules/next/dist/client/app-index.js:32
[ 1469596ms] [INFO] %cDownload the React DevTools for a better development experience: https://reactjs.org/link/react-devtools font-weight:bold @ webpack-internal:///(app-pages-browser)/../../node_modules/next/dist/compiled/react-dom/cjs/react-dom.development.js:38559
[ 1502618ms] [LOG] [Fast Refresh] rebuilding @ webpack-internal:///(app-pages-browser)/../../node_modules/next/dist/client/components/react-dev-overlay/app/hot-reloader-client.js:186
[ 1503317ms] [LOG] [Fast Refresh] done in 701ms @ webpack-internal:///(app-pages-browser)/../../node_modules/next/dist/client/components/react-dev-overlay/app/hot-reloader-client.js:43
[ 1503812ms] [INFO] %cDownload the React DevTools for a better development experience: https://reactjs.org/link/react-devtools font-weight:bold @ webpack-internal:///(app-pages-browser)/../../node_modules/next/dist/compiled/react-dom/cjs/react-dom.development.js:38559
[ 1667953ms] [LOG] [Fast Refresh] rebuilding @ webpack-internal:///(app-pages-browser)/../../node_modules/next/dist/client/components/react-dev-overlay/app/hot-reloader-client.js:186
[ 1669790ms] [LOG] [Fast Refresh] done in 1840ms @ webpack-internal:///(app-pages-browser)/../../node_modules/next/dist/client/components/react-dev-overlay/app/hot-reloader-client.js:43
[ 1729699ms] [LOG] [Fast Refresh] rebuilding @ webpack-internal:///(app-pages-browser)/../../node_modules/next/dist/client/components/react-dev-overlay/app/hot-reloader-client.js:186
[ 1730257ms] [LOG] [Fast Refresh] done in 559ms @ webpack-internal:///(app-pages-browser)/../../node_modules/next/dist/client/components/react-dev-overlay/app/hot-reloader-client.js:43
[ 1762645ms] [LOG] [Fast Refresh] rebuilding @ webpack-internal:///(app-pages-browser)/../../node_modules/next/dist/client/components/react-dev-overlay/app/hot-reloader-client.js:186
[ 1763206ms] [LOG] [Fast Refresh] done in 560ms @ webpack-internal:///(app-pages-browser)/../../node_modules/next/dist/client/components/react-dev-overlay/app/hot-reloader-client.js:43
[ 1830278ms] [LOG] [Fast Refresh] rebuilding @ webpack-internal:///(app-pages-browser)/../../node_modules/next/dist/client/components/react-dev-overlay/app/hot-reloader-client.js:186
[ 1830749ms] [LOG] [Fast Refresh] done in 471ms @ webpack-internal:///(app-pages-browser)/../../node_modules/next/dist/client/components/react-dev-overlay/app/hot-reloader-client.js:43
[ 2066791ms] [LOG] [Fast Refresh] rebuilding @ webpack-internal:///(app-pages-browser)/../../node_modules/next/dist/client/components/react-dev-overlay/app/hot-reloader-client.js:186
[ 2067752ms] [LOG] [Fast Refresh] done in 961ms @ webpack-internal:///(app-pages-browser)/../../node_modules/next/dist/client/components/react-dev-overlay/app/hot-reloader-client.js:43
[ 2106039ms] [LOG] [Fast Refresh] rebuilding @ webpack-internal:///(app-pages-browser)/../../node_modules/next/dist/client/components/react-dev-overlay/app/hot-reloader-client.js:186
[ 2107249ms] [LOG] [Fast Refresh] done in 1211ms @ webpack-internal:///(app-pages-browser)/../../node_modules/next/dist/client/components/react-dev-overlay/app/hot-reloader-client.js:43
[ 2153614ms] [LOG] [Fast Refresh] rebuilding @ webpack-internal:///(app-pages-browser)/../../node_modules/next/dist/client/components/react-dev-overlay/app/hot-reloader-client.js:186
[ 2154322ms] [LOG] [Fast Refresh] done in 709ms @ webpack-internal:///(app-pages-browser)/../../node_modules/next/dist/client/components/react-dev-overlay/app/hot-reloader-client.js:43
[ 2186826ms] [LOG] [Fast Refresh] rebuilding @ webpack-internal:///(app-pages-browser)/../../node_modules/next/dist/client/components/react-dev-overlay/app/hot-reloader-client.js:186
[ 2187441ms] [LOG] [Fast Refresh] done in 615ms @ webpack-internal:///(app-pages-browser)/../../node_modules/next/dist/client/components/react-dev-overlay/app/hot-reloader-client.js:43
[ 2214921ms] [LOG] [Fast Refresh] rebuilding @ webpack-internal:///(app-pages-browser)/../../node_modules/next/dist/client/components/react-dev-overlay/app/hot-reloader-client.js:186
[ 2215296ms] [LOG] [Fast Refresh] done in 375ms @ webpack-internal:///(app-pages-browser)/../../node_modules/next/dist/client/components/react-dev-overlay/app/hot-reloader-client.js:43
[ 2309519ms] [INFO] %cDownload the React DevTools for a better development experience: https://reactjs.org/link/react-devtools font-weight:bold @ webpack-internal:///(app-pages-browser)/../../node_modules/next/dist/compiled/react-dom/cjs/react-dom.development.js:38559
[ 2309913ms] [INFO] %cDownload the React DevTools for a better development experience: https://reactjs.org/link/react-devtools font-weight:bold @ webpack-internal:///(app-pages-browser)/../../node_modules/next/dist/compiled/react-dom/cjs/react-dom.development.js:38559
[ 2311382ms] [LOG] [Fast Refresh] rebuilding @ webpack-internal:///(app-pages-browser)/../../node_modules/next/dist/client/components/react-dev-overlay/app/hot-reloader-client.js:186
[ 2311567ms] [LOG] [Fast Refresh] done in 185ms @ webpack-internal:///(app-pages-browser)/../../node_modules/next/dist/client/components/react-dev-overlay/app/hot-reloader-client.js:43
[ 2311783ms] [LOG] [Fast Refresh] rebuilding @ webpack-internal:///(app-pages-browser)/../../node_modules/next/dist/client/components/react-dev-overlay/app/hot-reloader-client.js:186
[ 2311908ms] [LOG] [Fast Refresh] done in 126ms @ webpack-internal:///(app-pages-browser)/../../node_modules/next/dist/client/components/react-dev-overlay/app/hot-reloader-client.js:43
[ 2312238ms] [INFO] %cDownload the React DevTools for a better development experience: https://reactjs.org/link/react-devtools font-weight:bold @ webpack-internal:///(app-pages-browser)/../../node_modules/next/dist/compiled/react-dom/cjs/react-dom.development.js:38559
[ 2312789ms] [INFO] %cDownload the React DevTools for a better development experience: https://reactjs.org/link/react-devtools font-weight:bold @ webpack-internal:///(app-pages-browser)/../../node_modules/next/dist/compiled/react-dom/cjs/react-dom.development.js:38559
[ 2312997ms] [VERBOSE] [DOM] Input elements should have autocomplete attributes (suggested: "current-password"): (More info: https://goo.gl/9p2vKq) @ http://localhost:3002/login?returnTo=%2Fnotifications&reason=Log+in+to+see+your+alerts+and+case+updates.:0
[ 2455082ms] [LOG] [Fast Refresh] rebuilding @ webpack-internal:///(app-pages-browser)/../../node_modules/next/dist/client/components/react-dev-overlay/app/hot-reloader-client.js:186
[ 2455425ms] [LOG] [Fast Refresh] done in 344ms @ webpack-internal:///(app-pages-browser)/../../node_modules/next/dist/client/components/react-dev-overlay/app/hot-reloader-client.js:43
[ 2456184ms] [INFO] %cDownload the React DevTools for a better development experience: https://reactjs.org/link/react-devtools font-weight:bold @ webpack-internal:///(app-pages-browser)/../../node_modules/next/dist/compiled/react-dom/cjs/react-dom.development.js:38559
[ 2487043ms] [INFO] %cDownload the React DevTools for a better development experience: https://reactjs.org/link/react-devtools font-weight:bold @ webpack-internal:///(app-pages-browser)/../../node_modules/next/dist/compiled/react-dom/cjs/react-dom.development.js:38559
[ 2487751ms] [INFO] %cDownload the React DevTools for a better development experience: https://reactjs.org/link/react-devtools font-weight:bold @ webpack-internal:///(app-pages-browser)/../../node_modules/next/dist/compiled/react-dom/cjs/react-dom.development.js:38559
[ 2518527ms] [LOG] [Fast Refresh] rebuilding @ webpack-internal:///(app-pages-browser)/../../node_modules/next/dist/client/components/react-dev-overlay/app/hot-reloader-client.js:186
[ 2518692ms] [LOG] [Fast Refresh] done in 166ms @ webpack-internal:///(app-pages-browser)/../../node_modules/next/dist/client/components/react-dev-overlay/app/hot-reloader-client.js:43
[ 2519330ms] [INFO] %cDownload the React DevTools for a better development experience: https://reactjs.org/link/react-devtools font-weight:bold @ webpack-internal:///(app-pages-browser)/../../node_modules/next/dist/compiled/react-dom/cjs/react-dom.development.js:38559
